<?xml version="1.0" encoding="UTF-8"?>
<!-- Generated by org.testng.reporters.JUnitReportReporter -->
<testsuite skipped="0" hostname="Nijats-MacBook-Pro.local" name="com.app.runner.CukesRunner" tests="8" failures="0" timestamp="04 Apr 2018 03:02:49 GMT" time="38.684" errors="0">
  <testcase name="runScenario" time="4.581" classname="com.app.runner.CukesRunner"/>
  <testcase name="runScenario" time="5.169" classname="com.app.runner.CukesRunner"/>
  <testcase name="runScenario" time="5.857" classname="com.app.runner.CukesRunner"/>
  <testcase name="runScenario" time="4.522" classname="com.app.runner.CukesRunner"/>
  <testcase name="runScenario" time="4.552" classname="com.app.runner.CukesRunner"/>
  <testcase name="runScenario" time="4.651" classname="com.app.runner.CukesRunner"/>
  <testcase name="runScenario" time="4.738" classname="com.app.runner.CukesRunner"/>
  <testcase name="runScenario" time="4.614" classname="com.app.runner.CukesRunner"/>
</testsuite> <!-- com.app.runner.CukesRunner -->
