<?xml version="1.0" encoding="UTF-8"?>
<!-- Generated by org.testng.reporters.JUnitReportReporter -->
<testsuite skipped="0" hostname="Nijats-MacBook-Pro.local" name="com.app.runner.CukesRunner" tests="1" failures="0" timestamp="01 Apr 2018 07:05:17 GMT" time="28.218" errors="0">
  <testcase name="runScenario" time="28.218" classname="com.app.runner.CukesRunner"/>
</testsuite> <!-- com.app.runner.CukesRunner -->
