<?xml version="1.0" encoding="UTF-8"?>
<!-- Generated by org.testng.reporters.JUnitReportReporter -->
<testsuite skipped="0" hostname="Nijats-MacBook-Pro.local" name="com.app.runner.CukesRunner" tests="1" failures="0" timestamp="28 Mar 2018 21:40:25 GMT" time="6.382" errors="0">
  <testcase name="runScenario" time="6.382" classname="com.app.runner.CukesRunner"/>
</testsuite> <!-- com.app.runner.CukesRunner -->
